<?xml version="1.0" encoding="UTF-8"?>
<testsuite xmlns:xsi="http://www.w3.org/2001/XMLSchema-instance" xsi:noNamespaceSchemaLocation="https://maven.apache.org/surefire/maven-surefire-plugin/xsd/surefire-test-report.xsd" name="hust.mso.ga.EncodeTest" time="0" tests="2" errors="0" skipped="0" failures="0">
  <properties>
    <property name="sun.desktop" value="gnome"/>
    <property name="awt.toolkit" value="sun.awt.X11.XToolkit"/>
    <property name="java.specification.version" value="11"/>
    <property name="sun.cpu.isalist" value=""/>
    <property name="sun.jnu.encoding" value="UTF-8"/>
    <property name="java.class.path" value="/home/quynq/DATN/GA_Fund/GA-netkeys-dat/target/test-classes:/home/quynq/DATN/GA_Fund/GA-netkeys-dat/target/classes:/home/quynq/.m2/repository/junit/junit/4.11/junit-4.11.jar:/home/quynq/.m2/repository/org/hamcrest/hamcrest-core/1.3/hamcrest-core-1.3.jar:"/>
    <property name="java.vm.vendor" value="Ubuntu"/>
    <property name="sun.arch.data.model" value="64"/>
    <property name="java.vendor.url" value="https://ubuntu.com/"/>
    <property name="user.timezone" value=""/>
    <property name="java.vm.specification.version" value="11"/>
    <property name="os.name" value="Linux"/>
    <property name="sun.java.launcher" value="SUN_STANDARD"/>
    <property name="user.country" value="US"/>
    <property name="sun.boot.library.path" value="/usr/lib/jvm/java-11-openjdk-amd64/lib"/>
<<<<<<< HEAD
    <property name="sun.java.command" value="/home/quynq/DATN/GA_Fund/GA-netkeys-dat/target/surefire/surefirebooter3891924237538300083.jar /home/quynq/DATN/GA_Fund/GA-netkeys-dat/target/surefire 2020-07-22T21-19-19_994-jvmRun1 surefire3203215959848137786tmp surefire_0473045408788977787tmp"/>
=======
    <property name="sun.java.command" value="/home/quynq/DATN/GA_Fund/GA-netkeys-dat/target/surefire/surefirebooter14943451611736206047.jar /home/quynq/DATN/GA_Fund/GA-netkeys-dat/target/surefire 2020-07-05T11-42-01_721-jvmRun1 surefire13849361966845127029tmp surefire_09961004520004364275tmp"/>
>>>>>>> 05856dcfb5048456e1babf4a965ad513e92d087c
    <property name="jdk.debug" value="release"/>
    <property name="surefire.test.class.path" value="/home/quynq/DATN/GA_Fund/GA-netkeys-dat/target/test-classes:/home/quynq/DATN/GA_Fund/GA-netkeys-dat/target/classes:/home/quynq/.m2/repository/junit/junit/4.11/junit-4.11.jar:/home/quynq/.m2/repository/org/hamcrest/hamcrest-core/1.3/hamcrest-core-1.3.jar:"/>
    <property name="sun.cpu.endian" value="little"/>
    <property name="user.home" value="/home/quynq"/>
    <property name="user.language" value="en"/>
    <property name="java.specification.vendor" value="Oracle Corporation"/>
    <property name="java.version.date" value="2020-04-14"/>
    <property name="java.home" value="/usr/lib/jvm/java-11-openjdk-amd64"/>
    <property name="file.separator" value="/"/>
    <property name="basedir" value="/home/quynq/DATN/GA_Fund/GA-netkeys-dat"/>
    <property name="java.vm.compressedOopsMode" value="32-bit"/>
    <property name="line.separator" value="&#10;"/>
    <property name="java.specification.name" value="Java Platform API Specification"/>
    <property name="java.vm.specification.vendor" value="Oracle Corporation"/>
    <property name="java.awt.graphicsenv" value="sun.awt.X11GraphicsEnvironment"/>
<<<<<<< HEAD
    <property name="surefire.real.class.path" value="/home/quynq/DATN/GA_Fund/GA-netkeys-dat/target/surefire/surefirebooter3891924237538300083.jar"/>
=======
    <property name="surefire.real.class.path" value="/home/quynq/DATN/GA_Fund/GA-netkeys-dat/target/surefire/surefirebooter14943451611736206047.jar"/>
>>>>>>> 05856dcfb5048456e1babf4a965ad513e92d087c
    <property name="sun.management.compiler" value="HotSpot 64-Bit Tiered Compilers"/>
    <property name="java.runtime.version" value="11.0.7+10-post-Ubuntu-3ubuntu1"/>
    <property name="user.name" value="quynq"/>
    <property name="path.separator" value=":"/>
    <property name="os.version" value="5.4.0-40-generic"/>
    <property name="java.runtime.name" value="OpenJDK Runtime Environment"/>
    <property name="file.encoding" value="UTF-8"/>
    <property name="java.vm.name" value="OpenJDK 64-Bit Server VM"/>
    <property name="localRepository" value="/home/quynq/.m2/repository"/>
    <property name="java.vendor.url.bug" value="https://bugs.launchpad.net/ubuntu/+source/openjdk-lts"/>
    <property name="java.io.tmpdir" value="/tmp"/>
    <property name="java.version" value="11.0.7"/>
    <property name="user.dir" value="/home/quynq/DATN/GA_Fund/GA-netkeys-dat"/>
    <property name="os.arch" value="amd64"/>
    <property name="java.vm.specification.name" value="Java Virtual Machine Specification"/>
    <property name="java.awt.printerjob" value="sun.print.PSPrinterJob"/>
    <property name="sun.os.patch.level" value="unknown"/>
    <property name="java.library.path" value="/usr/java/packages/lib:/usr/lib/x86_64-linux-gnu/jni:/lib/x86_64-linux-gnu:/usr/lib/x86_64-linux-gnu:/usr/lib/jni:/lib:/usr/lib"/>
    <property name="java.vendor" value="Ubuntu"/>
    <property name="java.vm.info" value="mixed mode"/>
    <property name="java.vm.version" value="11.0.7+10-post-Ubuntu-3ubuntu1"/>
    <property name="sun.io.unicode.encoding" value="UnicodeLittle"/>
    <property name="java.class.version" value="55.0"/>
  </properties>
  <testcase name="heuristic_rand" classname="hust.mso.ga.EncodeTest" time="0"/>
  <testcase name="random_netkeys" classname="hust.mso.ga.EncodeTest" time="0"/>
</testsuite>